[0m2021.02.14 11:47:42 INFO  tracing is disabled for protocol LSP, to enable tracing of incoming and outgoing JSON messages create an empty file at c:\Users\where\Documents\github\code\null\scalameta\metals\cache\lsp.trace.json[0m
[0m2021.02.14 11:47:42 INFO  Starting Metals server with configuration: MetalsServerConfig(
  glob-syntax=GlobSyntaxConfig(vscode),
  status-bar=StatusBarConfig(off),
  open-files-on-rename=false,
  rename-file-threshold=300,
  slow-task=SlowTaskConfig(off),
  execute-client-command=ExecuteClientCommandConfig(off),
  compilers=PresentationCompilerConfigImpl(false,Some(editor.action.triggerParameterHints),Some(editor.action.triggerSuggest),Map(scala/collection/mutable/ -> mutable., java/util/ -> ju.),Unicode,true,true,true,true,false,true,true,true,scala.meta.internal.pc.PresentationCompilerConfigImpl$$$Lambda$66/874217650@3d74bf60,20,SECONDS),
  http=false,
  input-box=false,
  ask-to-reconnect=false,
  icons=vscode,
  statistics=StatisticsConfig(default),
  bloop-port=default
)[0m
[0m2021.02.14 11:47:42 INFO  logging to file C:\Users\where\Documents\github\code\.metals\metals.log[0m
[0m2021.02.16 16:17:55 INFO  tracing is disabled for protocol LSP, to enable tracing of incoming and outgoing JSON messages create an empty file at c:\Users\where\Documents\github\code\null\scalameta\metals\cache\lsp.trace.json[0m
[0m2021.02.16 16:17:55 INFO  Starting Metals server with configuration: MetalsServerConfig(
  glob-syntax=GlobSyntaxConfig(vscode),
  status-bar=StatusBarConfig(off),
  open-files-on-rename=false,
  rename-file-threshold=300,
  slow-task=SlowTaskConfig(off),
  execute-client-command=ExecuteClientCommandConfig(off),
  compilers=PresentationCompilerConfigImpl(false,Some(editor.action.triggerParameterHints),Some(editor.action.triggerSuggest),Map(scala/collection/mutable/ -> mutable., java/util/ -> ju.),Unicode,true,true,true,true,false,true,true,true,scala.meta.internal.pc.PresentationCompilerConfigImpl$$$Lambda$66/874217650@3d74bf60,20,SECONDS),
  http=false,
  input-box=false,
  ask-to-reconnect=false,
  icons=vscode,
  statistics=StatisticsConfig(default),
  bloop-port=default
)[0m
[0m2021.02.16 16:17:55 INFO  logging to file C:\Users\where\Documents\github\code\.metals\metals.log[0m
[0m2021.02.27 22:08:29 INFO  tracing is disabled for protocol LSP, to enable tracing of incoming and outgoing JSON messages create an empty file at c:\Users\where\Documents\github\code\null\scalameta\metals\cache\lsp.trace.json[0m
[0m2021.02.27 22:08:29 INFO  Starting Metals server with configuration: MetalsServerConfig(
  glob-syntax=GlobSyntaxConfig(vscode),
  status-bar=StatusBarConfig(off),
  open-files-on-rename=false,
  rename-file-threshold=300,
  slow-task=SlowTaskConfig(off),
  execute-client-command=ExecuteClientCommandConfig(off),
  compilers=PresentationCompilerConfigImpl(false,Some(editor.action.triggerParameterHints),Some(editor.action.triggerSuggest),Map(scala/collection/mutable/ -> mutable., java/util/ -> ju.),Unicode,true,true,true,true,false,true,true,true,scala.meta.internal.pc.PresentationCompilerConfigImpl$$$Lambda$66/874217650@3d74bf60,20,SECONDS),
  http=false,
  input-box=false,
  ask-to-reconnect=false,
  icons=vscode,
  statistics=StatisticsConfig(default),
  bloop-port=default
)[0m
[0m2021.02.27 22:08:29 INFO  logging to file C:\Users\where\Documents\github\code\.metals\metals.log[0m
